<?xml version="1.0" encoding="UTF-8"?>
<!-- Generated by org.testng.reporters.JUnitXMLReporter -->
<testsuite ignored="0" hostname="CAB-WSN-0050447" failures="0" tests="2" name="Surefire test" time="14.486" errors="0" timestamp="2024-01-05T16:29:57 MSK">
  <testcase classname="ru.sbrf.statisticsTest.StatisticsTest" name="mapReportTest on mapReportTest(ru.sbrf.statisticsTest.StatisticsTest)" time="7.612"/>
  <testcase classname="ru.sbrf.statisticsTest.StatisticsTest" name="sortMapReportTest on sortMapReportTest(ru.sbrf.statisticsTest.StatisticsTest)" time="14.177"/>
</testsuite> <!-- Surefire test -->
