<?xml version="1.0" encoding="UTF-8"?>
<testsuite xmlns:xsi="http://www.w3.org/2001/XMLSchema-instance" xsi:noNamespaceSchemaLocation="https://maven.apache.org/surefire/maven-surefire-plugin/xsd/surefire-test-report.xsd" name="ru.sbrf.statisticsTest.StatisticsTest" time="15.302" tests="2" errors="0" skipped="0" failures="0">
  <properties>
[...]
</properties>
  <testcase name="mapReportTest on mapReportTest(ru.sbrf.statisticsTest.StatisticsTest)" classname="ru.sbrf.statisticsTest.StatisticsTest" time="7.12"/>
  <testcase name="sortMapReportTest on sortMapReportTest(ru.sbrf.statisticsTest.StatisticsTest)" classname="ru.sbrf.statisticsTest.StatisticsTest" time="6.569"/>
</testsuite>