<?xml version="1.0" encoding="UTF-8"?>
<testng-results ignored="0" total="2" passed="2" failed="0" skipped="0">
  <reporter-output>
  </reporter-output>
  <suite started-at="2024-01-05T16:29:43 MSK" name="Surefire suite" finished-at="2024-01-05T16:29:57 MSK" duration-ms="14486">
    <groups>
    </groups>
    <test started-at="2024-01-05T16:29:43 MSK" name="Surefire test" finished-at="2024-01-05T16:29:57 MSK" duration-ms="14486">
      <class name="ru.sbrf.statisticsTest.StatisticsTest">
        <test-method signature="mapReportTest()" started-at="2024-01-05T16:29:43 MSK" name="mapReportTest" finished-at="2024-01-05T16:29:51 MSK" duration-ms="7612" status="PASS">
          <reporter-output>
          </reporter-output>
        </test-method> <!-- mapReportTest -->
        <test-method signature="sortMapReportTest()" started-at="2024-01-05T16:29:43 MSK" name="sortMapReportTest" finished-at="2024-01-05T16:29:57 MSK" duration-ms="14177" status="PASS">
          <reporter-output>
          </reporter-output>
        </test-method> <!-- sortMapReportTest -->
      </class> <!-- ru.sbrf.statisticsTest.StatisticsTest -->
    </test> <!-- Surefire test -->
  </suite> <!-- Surefire suite -->
</testng-results>
